app/build/intermediates/manifest_merge_blame_file/debug/manifest-merger-blame-debug-report.txt
1<?xml version="1.0" encoding="utf-8"?>
2<manifest xmlns:android="http://schemas.android.com/apk/res/android"
3    package="com.blogspot.sslaia.niasexplorer"
4    android:versionCode="1"
5    android:versionName="1.0" >
6
7    <uses-sdk
8        android:minSdkVersion="18"
8-->src/main/AndroidManifest.xml
9        android:targetSdkVersion="29" />
9-->src/main/AndroidManifest.xml
10
11    <uses-permission android:name="android.permission.INTERNET" />
11-->src/main/AndroidManifest.xml:5:5-66
11-->src/main/AndroidManifest.xml:5:22-64
12
13    <application
13-->src/main/AndroidManifest.xml:7:5-24:19
14        android:allowBackup="true"
14-->src/main/AndroidManifest.xml:8:9-35
15        android:appComponentFactory="androidx.core.app.CoreComponentFactory"
15-->[androidx.core:core:1.1.0] AndroidManifest.xml:24:18-86
16        android:debuggable="true"
17        android:icon="@mipmap/ic_launcher"
17-->src/main/AndroidManifest.xml:9:9-43
18        android:label="@string/app_name"
18-->src/main/AndroidManifest.xml:10:9-41
19        android:roundIcon="@mipmap/ic_launcher_round"
19-->src/main/AndroidManifest.xml:11:9-54
20        android:supportsRtl="true"
20-->src/main/AndroidManifest.xml:12:9-35
21        android:testOnly="true"
22        android:theme="@style/AppTheme" >
22-->src/main/AndroidManifest.xml:13:9-40
23        <activity
23-->src/main/AndroidManifest.xml:14:9-23:20
24            android:name="com.blogspot.sslaia.niasexplorer.MainActivity"
24-->src/main/AndroidManifest.xml:15:13-41
25            android:label="@string/app_name"
25-->src/main/AndroidManifest.xml:16:13-45
26            android:theme="@style/AppTheme.NoActionBar" >
26-->src/main/AndroidManifest.xml:17:13-56
27            <intent-filter>
27-->src/main/AndroidManifest.xml:18:13-22:29
28                <action android:name="android.intent.action.MAIN" />
28-->src/main/AndroidManifest.xml:19:17-69
28-->src/main/AndroidManifest.xml:19:25-66
29                <action android:name="android.intent.action.VIEW" />
29-->src/main/AndroidManifest.xml:20:17-69
29-->src/main/AndroidManifest.xml:20:25-66
30
31                <category android:name="android.intent.category.LAUNCHER" />
31-->src/main/AndroidManifest.xml:21:17-77
31-->src/main/AndroidManifest.xml:21:27-74
32            </intent-filter>
33        </activity>
34
35        <provider
35-->[androidx.lifecycle:lifecycle-process:2.1.0] AndroidManifest.xml:23:9-27:43
36            android:name="androidx.lifecycle.ProcessLifecycleOwnerInitializer"
36-->[androidx.lifecycle:lifecycle-process:2.1.0] AndroidManifest.xml:24:13-79
37            android:authorities="com.blogspot.sslaia.niasexplorer.lifecycle-process"
37-->[androidx.lifecycle:lifecycle-process:2.1.0] AndroidManifest.xml:25:13-69
38            android:exported="false"
38-->[androidx.lifecycle:lifecycle-process:2.1.0] AndroidManifest.xml:26:13-37
39            android:multiprocess="true" />
39-->[androidx.lifecycle:lifecycle-process:2.1.0] AndroidManifest.xml:27:13-40
40    </application>
41
42</manifest>